Running: fuse.exe -relaunch -intstyle "ise" -incremental -lib "unisims_ver" -lib "unimacro_ver" -lib "xilinxcorelib_ver" -lib "secureip" -o "D:/soc/mars2_0/mips_tb_isim_beh.exe" -prj "D:/soc/mars2_0/mips_tb_beh.prj" "work.mips_tb" "work.glbl" 
ISim O.61xd (signature 0x6dd86d03)
Number of CPUs detected in this system: 4
Turning on mult-threading, number of parallel sub-compilation jobs: 8 
Determining compilation order of HDL files
Analyzing Verilog file \"D:/soc/mars2_0/RF.v\" into library work
Analyzing Verilog file \"D:/soc/mars2_0/PC.v\" into library work
Analyzing Verilog file \"D:/soc/mars2_0/NPC.v\" into library work
Analyzing Verilog file \"D:/soc/mars2_0/mux.v\" into library work
Analyzing Verilog file \"D:/soc/mars2_0/lw.v\" into library work
Analyzing Verilog file \"D:/soc/mars2_0/IR.v\" into library work
Analyzing Verilog file \"D:/soc/mars2_0/im.v\" into library work
Analyzing Verilog file \"D:/soc/mars2_0/flopr.v\" into library work
Analyzing Verilog file \"D:/soc/mars2_0/EXT.v\" into library work
Analyzing Verilog file \"D:/soc/mars2_0/dm.v\" into library work
Analyzing Verilog file \"D:/soc/mars2_0/ctrl.v\" into library work
Analyzing Verilog file \"D:/soc/mars2_0/alu.v\" into library work
Analyzing Verilog file \"D:/soc/mars2_0/mips.v\" into library work
Analyzing Verilog file \"D:/soc/mars2_0/mips_tb.v\" into library work
Analyzing Verilog file \"C:/Xilinx/13.2/ISE_DS/ISE//verilog/src/glbl.v\" into library work
Starting static elaboration
Completed static elaboration
Fuse Memory Usage: 99668 KB
Fuse CPU Usage: 233 ms
Compiling module ctrl
Compiling module PC
Compiling module NPC
Compiling module im_4k
Compiling module IR
Compiling module RF
Compiling module mux4(WIDTH=5)
Compiling module mux4(WIDTH=32)
Compiling module flopr(WIDTH=32)
Compiling module EXT
Compiling module mux2(WIDTH=32)
Compiling module alu
Compiling module lw
Compiling module dm_4k
Compiling module mips
Compiling module mips_tb
Compiling module glbl
Time Resolution for simulation is 1ps.
Waiting for 10 sub-compilation(s) to finish...
Compiled 17 Verilog Units
Built simulation executable D:/soc/mars2_0/mips_tb_isim_beh.exe
Fuse Memory Usage: 105284 KB
Fuse CPU Usage: 405 ms
